<?xml version="1.0" encoding="UTF-8"?>
<testsuite name="se.mikka.java11.CollectionTest" tests="1" skipped="0" failures="0" errors="0" timestamp="2019-08-15T08:56:34" hostname="Nguyens-MacBook-Pro.local" time="0.007">
  <properties/>
  <testcase name="testCollectionToArrays()" classname="se.mikka.java11.CollectionTest" time="0.007"/>
  <system-out><![CDATA[]]></system-out>
  <system-err><![CDATA[]]></system-err>
</testsuite>
